<?xml version="1.0" encoding="UTF-8"?>
<!-- Generated by org.testng.reporters.JUnitReportReporter -->
<testsuite hostname="mamipapsal" failures="0" tests="9" name="com.runner.SwagRunner" time="31.990" errors="0" timestamp="2024-08-23T09:36:11 IST" skipped="0">
  <testcase classname="com.runner.SwagRunner" name="invalidUsernameValidPassword" time="1.935"/>
  <system-out/>
  <testcase classname="com.runner.SwagRunner" name="emptyCredential" time="1.695"/>
  <system-out/>
  <testcase classname="com.runner.SwagRunner" name="validUserEmptyPassword" time="1.828"/>
  <system-out/>
  <testcase classname="com.runner.SwagRunner" name="validLogin" time="2.928"/>
  <system-out/>
  <testcase classname="com.runner.SwagRunner" name="order1Placed" time="2.401"/>
  <system-out/>
  <testcase classname="com.runner.SwagRunner" name="order2Placed" time="2.309"/>
  <system-out/>
  <testcase classname="com.runner.SwagRunner" name="order3Placed" time="12.998"/>
  <system-out/>
  <testcase classname="com.runner.SwagRunner" name="order4Placed" time="2.636"/>
  <system-out/>
  <testcase classname="com.runner.SwagRunner" name="order5Placed" time="3.260"/>
  <system-out/>
</testsuite> <!-- com.runner.SwagRunner -->
